SF:lib/core/error/failures.dart
DA:4,1
DA:5,1
LF:2
LH:2
end_of_record
SF:lib/features/user_list/data/datasources/user_local_data_source.dart
DA:16,0
DA:17,0
DA:20,0
DA:21,0
DA:23,0
DA:25,0
DA:26,0
DA:33,0
DA:35,0
DA:40,0
DA:41,0
DA:42,0
DA:46,0
DA:48,0
DA:50,0
DA:51,0
DA:53,0
DA:58,0
DA:60,0
DA:62,0
DA:64,0
DA:67,0
DA:69,0
DA:74,0
DA:76,0
DA:78,0
DA:81,0
DA:84,0
LF:28
LH:0
end_of_record
SF:lib/features/user_list/data/models/user_model.dart
DA:4,1
DA:9,0
DA:10,0
DA:11,0
DA:12,0
DA:16,0
DA:17,0
DA:18,0
DA:19,0
LF:9
LH:1
end_of_record
SF:lib/features/user_list/data/repositories/user_repository_impl.dart
DA:10,1
DA:12,1
DA:15,2
DA:16,1
DA:18,2
DA:22,1
DA:25,2
DA:26,1
DA:28,2
DA:32,1
DA:35,2
DA:38,2
LF:12
LH:12
end_of_record
SF:lib/features/user_list/domain/entities/user.dart
DA:7,2
DA:12,0
DA:13,0
LF:3
LH:1
end_of_record
SF:lib/features/user_list/presentation/controllers/user_list_controller.dart
DA:10,1
DA:12,2
DA:14,1
DA:15,3
DA:16,1
DA:18,2
DA:19,1
DA:20,1
DA:21,3
DA:26,1
DA:27,3
DA:29,4
DA:33,1
DA:36,1
DA:37,1
DA:39,2
DA:40,1
DA:41,1
DA:42,3
DA:46,1
DA:47,1
DA:48,3
DA:49,4
DA:53,1
DA:56,1
DA:57,2
DA:58,1
DA:59,1
DA:60,3
DA:64,1
DA:65,3
DA:66,7
DA:70,1
DA:73,0
DA:74,0
DA:75,0
LF:36
LH:33
end_of_record
SF:lib/features/user_list/presentation/state/user_list_state.dart
DA:11,5
DA:17,0
DA:18,0
DA:20,1
DA:25,1
DA:26,1
DA:27,1
DA:28,1
LF:8
LH:6
end_of_record
SF:lib/features/user_list/presentation/models/user_view_model.dart
DA:9,2
DA:17,1
DA:18,1
DA:19,1
DA:20,1
DA:21,1
DA:26,0
DA:32,0
DA:33,0
DA:34,0
DA:35,0
DA:36,0
LF:12
LH:6
end_of_record
SF:lib/features/user_list/presentation/pages/user_list_screen.dart
DA:7,1
DA:9,1
DA:10,1
DA:16,1
DA:18,1
DA:20,3
DA:21,3
DA:25,1
DA:26,1
DA:27,1
DA:28,2
DA:30,1
DA:31,1
DA:34,0
DA:36,1
DA:37,1
DA:38,0
DA:41,1
DA:42,0
DA:50,0
DA:51,0
DA:53,0
DA:54,0
DA:55,0
DA:58,1
DA:60,1
DA:61,1
DA:64,1
DA:65,1
DA:66,1
DA:68,2
DA:72,2
DA:73,1
DA:74,1
DA:76,1
DA:77,2
DA:78,1
DA:79,0
DA:87,2
DA:93,1
DA:94,2
DA:95,1
DA:96,2
DA:97,1
DA:98,3
DA:99,1
DA:106,0
DA:107,1
DA:108,2
DA:115,1
DA:116,1
DA:122,1
DA:124,2
DA:125,1
LF:54
LH:44
end_of_record
