SF:lib/features/user_list/data/datasources/user_local_data_source.dart
DA:18,1
DA:21,1
DA:22,1
DA:23,1
DA:26,0
DA:27,0
DA:30,0
DA:31,0
DA:33,0
DA:35,0
DA:36,0
DA:43,0
DA:45,0
DA:50,1
DA:51,1
DA:52,1
DA:56,1
DA:58,1
DA:60,2
DA:61,5
DA:63,0
DA:68,1
DA:70,1
DA:72,2
DA:74,1
DA:77,1
DA:79,0
DA:84,1
DA:86,1
DA:88,2
DA:91,1
DA:94,0
LF:32
LH:20
end_of_record
SF:lib/features/user_list/data/models/user_model.dart
DA:4,2
DA:9,1
DA:10,1
DA:11,1
DA:12,1
DA:16,0
DA:17,0
DA:18,0
DA:19,0
LF:9
LH:5
end_of_record
SF:lib/features/user_list/domain/entities/user.dart
DA:7,3
DA:12,1
DA:13,3
LF:3
LH:3
end_of_record
SF:lib/core/error/failures.dart
DA:6,2
DA:8,1
DA:9,2
DA:13,4
DA:17,0
DA:21,0
DA:25,0
LF:7
LH:4
end_of_record
SF:lib/features/user_list/data/repositories/user_repository_impl.dart
DA:10,1
DA:12,1
DA:15,2
DA:16,1
DA:18,4
DA:22,1
DA:25,2
DA:26,1
DA:28,4
DA:32,1
DA:35,2
DA:38,4
LF:12
LH:12
end_of_record
SF:lib/core/base/base_view_model.dart
DA:6,0
DA:8,0
DA:9,0
DA:12,1
DA:14,1
DA:15,1
LF:6
LH:3
end_of_record
SF:lib/core/usecase/usecase.dart
DA:9,3
LF:1
LH:1
end_of_record
SF:lib/features/user_list/domain/usecases/add_user.dart
DA:10,1
DA:12,1
DA:14,1
DA:15,0
DA:17,2
LF:5
LH:4
end_of_record
SF:lib/features/user_list/domain/usecases/delete_user.dart
DA:9,1
DA:11,1
DA:13,1
DA:14,0
DA:16,2
LF:5
LH:4
end_of_record
SF:lib/features/user_list/domain/usecases/get_users.dart
DA:10,1
DA:12,1
DA:14,2
LF:3
LH:3
end_of_record
SF:lib/features/user_list/presentation/controllers/user_list_controller.dart
DA:15,1
DA:23,2
DA:25,1
DA:26,3
DA:27,1
DA:29,2
DA:30,1
DA:31,1
DA:32,3
DA:34,1
DA:37,1
DA:38,3
DA:40,4
DA:44,1
DA:47,1
DA:48,1
DA:50,2
DA:51,1
DA:52,1
DA:53,3
DA:54,1
DA:57,1
DA:58,1
DA:59,3
DA:60,4
DA:64,1
DA:67,1
DA:68,2
DA:69,1
DA:70,1
DA:71,3
DA:72,1
DA:75,1
DA:76,3
DA:77,7
DA:81,1
DA:84,0
DA:85,0
DA:86,0
LF:39
LH:36
end_of_record
SF:lib/features/user_list/presentation/models/user_view_model.dart
DA:9,2
DA:17,1
DA:18,1
DA:19,1
DA:20,1
DA:21,1
DA:26,0
DA:32,0
DA:33,0
DA:34,0
DA:35,0
DA:36,0
LF:12
LH:6
end_of_record
SF:lib/features/user_list/presentation/state/user_list_state.dart
DA:11,6
DA:17,0
DA:18,0
DA:20,1
DA:25,1
DA:26,1
DA:27,1
DA:28,1
LF:8
LH:6
end_of_record
SF:lib/features/user_list/presentation/pages/user_list_screen.dart
DA:7,1
DA:9,1
DA:10,1
DA:16,1
DA:18,1
DA:20,3
DA:21,3
DA:25,1
DA:26,1
DA:27,1
DA:28,2
DA:30,1
DA:31,1
DA:34,0
DA:36,1
DA:37,1
DA:38,2
DA:41,1
DA:42,3
DA:50,1
DA:51,3
DA:53,4
DA:54,2
DA:55,1
DA:58,1
DA:60,1
DA:61,1
DA:64,1
DA:65,1
DA:66,1
DA:68,2
DA:72,2
DA:73,1
DA:74,1
DA:76,1
DA:77,2
DA:78,1
DA:79,2
DA:87,2
DA:93,1
DA:94,2
DA:95,1
DA:96,2
DA:97,1
DA:98,3
DA:99,1
DA:106,3
DA:107,1
DA:108,2
DA:115,1
DA:116,1
DA:122,1
DA:124,2
DA:125,1
LF:54
LH:53
end_of_record
